{"D:\\MultivendorMarketplace\\backend\\src\\modules\\auth\\auth.service.ts": {"path":"D:\\MultivendorMarketplace\\backend\\src\\modules\\auth\\auth.service.ts","statementMap":{"0":{"start":{"line":1,"column":0},"end":{"line":1,"column":36}},"1":{"start":{"line":3,"column":0},"end":{"line":3,"column":51}},"2":{"start":{"line":4,"column":0},"end":{"line":4,"column":48}},"3":{"start":{"line":5,"column":0},"end":{"line":5,"column":28}},"4":{"start":{"line":7,"column":0},"end":{"line":7,"column":73}},"5":{"start":{"line":8,"column":0},"end":{"line":8,"column":63}},"6":{"start":{"line":9,"column":0},"end":{"line":9,"column":47}},"7":{"start":{"line":10,"column":0},"end":{"line":10,"column":67}},"8":{"start":{"line":11,"column":0},"end":{"line":11,"column":48}},"9":{"start":{"line":12,"column":0},"end":{"line":12,"column":57}},"10":{"start":{"line":13,"column":0},"end":{"line":13,"column":65}},"11":{"start":{"line":16,"column":13},"end":{"line":172,"column":2}},"12":{"start":{"line":19,"column":20},"end":{"line":19,"column":28}},"13":{"start":{"line":20,"column":24},"end":{"line":20,"column":68}},"14":{"start":{"line":21,"column":25},"end":{"line":21,"column":79}},"15":{"start":{"line":24,"column":4},"end":{"line":29,"column":6}},"16":{"start":{"line":31,"column":4},"end":{"line":31,"column":41}},"17":{"start":{"line":35,"column":25},"end":{"line":35,"column":64}},"18":{"start":{"line":36,"column":4},"end":{"line":38,"column":5}},"19":{"start":{"line":37,"column":6},"end":{"line":37,"column":82}},"20":{"start":{"line":40,"column":25},"end":{"line":40,"column":61}},"21":{"start":{"line":41,"column":17},"end":{"line":45,"column":6}},"22":{"start":{"line":48,"column":30},"end":{"line":48,"column":38}},"23":{"start":{"line":49,"column":4},"end":{"line":49,"column":76}},"24":{"start":{"line":51,"column":4},"end":{"line":55,"column":7}},"25":{"start":{"line":59,"column":19},"end":{"line":59,"column":71}},"26":{"start":{"line":60,"column":4},"end":{"line":62,"column":5}},"27":{"start":{"line":61,"column":6},"end":{"line":61,"column":89}},"28":{"start":{"line":64,"column":4},"end":{"line":64,"column":53}},"29":{"start":{"line":67,"column":4},"end":{"line":67,"column":57}},"30":{"start":{"line":71,"column":17},"end":{"line":71,"column":56}},"31":{"start":{"line":73,"column":4},"end":{"line":75,"column":5}},"32":{"start":{"line":74,"column":6},"end":{"line":74,"column":85}},"33":{"start":{"line":78,"column":4},"end":{"line":80,"column":5}},"34":{"start":{"line":79,"column":6},"end":{"line":79,"column":95}},"35":{"start":{"line":82,"column":19},"end":{"line":82,"column":79}},"36":{"start":{"line":84,"column":4},"end":{"line":94,"column":6}},"37":{"start":{"line":98,"column":20},"end":{"line":98,"column":63}},"38":{"start":{"line":99,"column":4},"end":{"line":99,"column":69}},"39":{"start":{"line":103,"column":20},"end":{"line":103,"column":66}},"40":{"start":{"line":104,"column":43},"end":{"line":104,"column":50}},"41":{"start":{"line":107,"column":20},"end":{"line":107,"column":67}},"42":{"start":{"line":109,"column":4},"end":{"line":114,"column":5}},"43":{"start":{"line":112,"column":6},"end":{"line":112,"column":53}},"44":{"start":{"line":113,"column":6},"end":{"line":113,"column":78}},"45":{"start":{"line":117,"column":23},"end":{"line":117,"column":71}},"46":{"start":{"line":120,"column":4},"end":{"line":122,"column":5}},"47":{"start":{"line":121,"column":6},"end":{"line":121,"column":81}},"48":{"start":{"line":125,"column":4},"end":{"line":129,"column":5}},"49":{"start":{"line":127,"column":6},"end":{"line":127,"column":53}},"50":{"start":{"line":128,"column":6},"end":{"line":128,"column":78}},"51":{"start":{"line":132,"column":4},"end":{"line":132,"column":58}},"52":{"start":{"line":133,"column":4},"end":{"line":133,"column":56}},"53":{"start":{"line":136,"column":4},"end":{"line":136,"column":60}},"54":{"start":{"line":140,"column":17},"end":{"line":140,"column":56}},"55":{"start":{"line":142,"column":4},"end":{"line":144,"column":5}},"56":{"start":{"line":143,"column":6},"end":{"line":143,"column":78}},"57":{"start":{"line":146,"column":23},"end":{"line":146,"column":31}},"58":{"start":{"line":147,"column":4},"end":{"line":147,"column":71}},"59":{"start":{"line":150,"column":4},"end":{"line":154,"column":7}},"60":{"start":{"line":158,"column":19},"end":{"line":158,"column":70}},"61":{"start":{"line":160,"column":4},"end":{"line":162,"column":5}},"62":{"start":{"line":161,"column":6},"end":{"line":161,"column":89}},"63":{"start":{"line":164,"column":25},"end":{"line":164,"column":56}},"64":{"start":{"line":166,"column":4},"end":{"line":166,"column":62}},"65":{"start":{"line":168,"column":4},"end":{"line":168,"column":59}},"66":{"start":{"line":170,"column":4},"end":{"line":170,"column":51}}},"fnMap":{"0":{"name":"(anonymous_1)","decl":{"start":{"line":18,"column":26},"end":{"line":18,"column":31}},"loc":{"start":{"line":18,"column":90},"end":{"line":32,"column":3}}},"1":{"name":"(anonymous_2)","decl":{"start":{"line":34,"column":12},"end":{"line":34,"column":17}},"loc":{"start":{"line":34,"column":77},"end":{"line":56,"column":3}}},"2":{"name":"(anonymous_3)","decl":{"start":{"line":58,"column":15},"end":{"line":58,"column":20}},"loc":{"start":{"line":58,"column":39},"end":{"line":68,"column":3}}},"3":{"name":"(anonymous_4)","decl":{"start":{"line":70,"column":9},"end":{"line":70,"column":14}},"loc":{"start":{"line":70,"column":51},"end":{"line":95,"column":3}}},"4":{"name":"(anonymous_5)","decl":{"start":{"line":97,"column":10},"end":{"line":97,"column":15}},"loc":{"start":{"line":97,"column":41},"end":{"line":100,"column":3}}},"5":{"name":"(anonymous_6)","decl":{"start":{"line":102,"column":16},"end":{"line":102,"column":21}},"loc":{"start":{"line":102,"column":73},"end":{"line":137,"column":3}}},"6":{"name":"(anonymous_7)","decl":{"start":{"line":139,"column":18},"end":{"line":139,"column":23}},"loc":{"start":{"line":139,"column":42},"end":{"line":155,"column":3}}},"7":{"name":"(anonymous_8)","decl":{"start":{"line":157,"column":17},"end":{"line":157,"column":22}},"loc":{"start":{"line":157,"column":59},"end":{"line":171,"column":3}}}},"branchMap":{"0":{"loc":{"start":{"line":36,"column":4},"end":{"line":38,"column":5}},"type":"if","locations":[{"start":{"line":36,"column":4},"end":{"line":38,"column":5}},{"start":{},"end":{}}]},"1":{"loc":{"start":{"line":60,"column":4},"end":{"line":62,"column":5}},"type":"if","locations":[{"start":{"line":60,"column":4},"end":{"line":62,"column":5}},{"start":{},"end":{}}]},"2":{"loc":{"start":{"line":73,"column":4},"end":{"line":75,"column":5}},"type":"if","locations":[{"start":{"line":73,"column":4},"end":{"line":75,"column":5}},{"start":{},"end":{}}]},"3":{"loc":{"start":{"line":73,"column":8},"end":{"line":73,"column":65}},"type":"binary-expr","locations":[{"start":{"line":73,"column":8},"end":{"line":73,"column":13}},{"start":{"line":73,"column":17},"end":{"line":73,"column":65}}]},"4":{"loc":{"start":{"line":78,"column":4},"end":{"line":80,"column":5}},"type":"if","locations":[{"start":{"line":78,"column":4},"end":{"line":80,"column":5}},{"start":{},"end":{}}]},"5":{"loc":{"start":{"line":109,"column":4},"end":{"line":114,"column":5}},"type":"if","locations":[{"start":{"line":109,"column":4},"end":{"line":114,"column":5}},{"start":{},"end":{}}]},"6":{"loc":{"start":{"line":120,"column":4},"end":{"line":122,"column":5}},"type":"if","locations":[{"start":{"line":120,"column":4},"end":{"line":122,"column":5}},{"start":{},"end":{}}]},"7":{"loc":{"start":{"line":125,"column":4},"end":{"line":129,"column":5}},"type":"if","locations":[{"start":{"line":125,"column":4},"end":{"line":129,"column":5}},{"start":{},"end":{}}]},"8":{"loc":{"start":{"line":142,"column":4},"end":{"line":144,"column":5}},"type":"if","locations":[{"start":{"line":142,"column":4},"end":{"line":144,"column":5}},{"start":{},"end":{}}]},"9":{"loc":{"start":{"line":160,"column":4},"end":{"line":162,"column":5}},"type":"if","locations":[{"start":{"line":160,"column":4},"end":{"line":162,"column":5}},{"start":{},"end":{}}]}},"s":{"0":1,"1":1,"2":1,"3":1,"4":1,"5":1,"6":1,"7":1,"8":1,"9":1,"10":1,"11":1,"12":2,"13":2,"14":2,"15":2,"16":2,"17":2,"18":2,"19":1,"20":1,"21":1,"22":1,"23":1,"24":1,"25":2,"26":2,"27":1,"28":1,"29":1,"30":4,"31":4,"32":2,"33":2,"34":1,"35":1,"36":1,"37":1,"38":1,"39":4,"40":4,"41":4,"42":4,"43":1,"44":1,"45":3,"46":3,"47":1,"48":2,"49":1,"50":1,"51":1,"52":1,"53":1,"54":2,"55":2,"56":1,"57":1,"58":1,"59":1,"60":2,"61":2,"62":1,"63":1,"64":1,"65":1,"66":1},"f":{"0":2,"1":2,"2":2,"3":4,"4":1,"5":4,"6":2,"7":2},"b":{"0":[1,1],"1":[1,1],"2":[2,2],"3":[4,3],"4":[1,1],"5":[1,3],"6":[1,2],"7":[1,1],"8":[1,1],"9":[1,1]}}
,"D:\\MultivendorMarketplace\\backend\\src\\modules\\category\\category.service.ts": {"path":"D:\\MultivendorMarketplace\\backend\\src\\modules\\category\\category.service.ts","statementMap":{"0":{"start":{"line":1,"column":0},"end":{"line":1,"column":51}},"1":{"start":{"line":2,"column":0},"end":{"line":2,"column":49}},"2":{"start":{"line":5,"column":0},"end":{"line":5,"column":63}},"3":{"start":{"line":6,"column":0},"end":{"line":6,"column":63}},"4":{"start":{"line":7,"column":0},"end":{"line":7,"column":75}},"5":{"start":{"line":8,"column":0},"end":{"line":8,"column":48}},"6":{"start":{"line":9,"column":0},"end":{"line":9,"column":59}},"7":{"start":{"line":11,"column":13},"end":{"line":84,"column":2}},"8":{"start":{"line":13,"column":4},"end":{"line":13,"column":75}},"9":{"start":{"line":17,"column":20},"end":{"line":17,"column":83}},"10":{"start":{"line":19,"column":21},"end":{"line":19,"column":54}},"11":{"start":{"line":21,"column":4},"end":{"line":21,"column":94}},"12":{"start":{"line":21,"column":49},"end":{"line":21,"column":76}},"13":{"start":{"line":25,"column":21},"end":{"line":25,"column":51}},"14":{"start":{"line":27,"column":4},"end":{"line":39,"column":6}},"15":{"start":{"line":30,"column":25},"end":{"line":30,"column":65}},"16":{"start":{"line":32,"column":8},"end":{"line":34,"column":9}},"17":{"start":{"line":33,"column":10},"end":{"line":33,"column":80}},"18":{"start":{"line":36,"column":8},"end":{"line":36,"column":24}},"19":{"start":{"line":43,"column":21},"end":{"line":43,"column":80}},"20":{"start":{"line":45,"column":4},"end":{"line":45,"column":40}},"21":{"start":{"line":47,"column":4},"end":{"line":47,"column":20}},"22":{"start":{"line":51,"column":21},"end":{"line":51,"column":58}},"23":{"start":{"line":53,"column":4},"end":{"line":55,"column":5}},"24":{"start":{"line":54,"column":6},"end":{"line":54,"column":76}},"25":{"start":{"line":57,"column":24},"end":{"line":63,"column":6}},"26":{"start":{"line":65,"column":28},"end":{"line":65,"column":88}},"27":{"start":{"line":66,"column":4},"end":{"line":66,"column":71}},"28":{"start":{"line":67,"column":4},"end":{"line":67,"column":40}},"29":{"start":{"line":69,"column":4},"end":{"line":69,"column":27}},"30":{"start":{"line":73,"column":21},"end":{"line":73,"column":58}},"31":{"start":{"line":75,"column":4},"end":{"line":77,"column":5}},"32":{"start":{"line":76,"column":6},"end":{"line":76,"column":76}},"33":{"start":{"line":79,"column":4},"end":{"line":79,"column":71}},"34":{"start":{"line":80,"column":4},"end":{"line":80,"column":40}},"35":{"start":{"line":82,"column":4},"end":{"line":82,"column":52}}},"fnMap":{"0":{"name":"(anonymous_0)","decl":{"start":{"line":12,"column":2},"end":{"line":12,"column":7}},"loc":{"start":{"line":12,"column":30},"end":{"line":14,"column":3}}},"1":{"name":"(anonymous_1)","decl":{"start":{"line":16,"column":2},"end":{"line":16,"column":7}},"loc":{"start":{"line":16,"column":14},"end":{"line":22,"column":3}}},"2":{"name":"(anonymous_2)","decl":{"start":{"line":21,"column":43},"end":{"line":21,"column":46}},"loc":{"start":{"line":21,"column":49},"end":{"line":21,"column":76}}},"3":{"name":"(anonymous_3)","decl":{"start":{"line":24,"column":2},"end":{"line":24,"column":7}},"loc":{"start":{"line":24,"column":30},"end":{"line":40,"column":3}}},"4":{"name":"(anonymous_4)","decl":{"start":{"line":29,"column":6},"end":{"line":29,"column":11}},"loc":{"start":{"line":29,"column":17},"end":{"line":37,"column":7}}},"5":{"name":"(anonymous_5)","decl":{"start":{"line":42,"column":2},"end":{"line":42,"column":7}},"loc":{"start":{"line":42,"column":62},"end":{"line":48,"column":3}}},"6":{"name":"(anonymous_6)","decl":{"start":{"line":50,"column":2},"end":{"line":50,"column":7}},"loc":{"start":{"line":50,"column":74},"end":{"line":70,"column":3}}},"7":{"name":"(anonymous_7)","decl":{"start":{"line":72,"column":2},"end":{"line":72,"column":7}},"loc":{"start":{"line":72,"column":25},"end":{"line":83,"column":3}}}},"branchMap":{"0":{"loc":{"start":{"line":32,"column":8},"end":{"line":34,"column":9}},"type":"if","locations":[{"start":{"line":32,"column":8},"end":{"line":34,"column":9}},{"start":{},"end":{}}]},"1":{"loc":{"start":{"line":53,"column":4},"end":{"line":55,"column":5}},"type":"if","locations":[{"start":{"line":53,"column":4},"end":{"line":55,"column":5}},{"start":{},"end":{}}]},"2":{"loc":{"start":{"line":58,"column":12},"end":{"line":58,"column":38}},"type":"binary-expr","locations":[{"start":{"line":58,"column":12},"end":{"line":58,"column":21}},{"start":{"line":58,"column":25},"end":{"line":58,"column":38}}]},"3":{"loc":{"start":{"line":59,"column":12},"end":{"line":59,"column":70}},"type":"cond-expr","locations":[{"start":{"line":59,"column":24},"end":{"line":59,"column":54}},{"start":{"line":59,"column":57},"end":{"line":59,"column":70}}]},"4":{"loc":{"start":{"line":60,"column":16},"end":{"line":60,"column":59}},"type":"cond-expr","locations":[{"start":{"line":60,"column":27},"end":{"line":60,"column":39}},{"start":{"line":60,"column":42},"end":{"line":60,"column":59}}]},"5":{"loc":{"start":{"line":61,"column":21},"end":{"line":61,"column":74}},"type":"cond-expr","locations":[{"start":{"line":61,"column":32},"end":{"line":61,"column":49}},{"start":{"line":61,"column":52},"end":{"line":61,"column":74}}]},"6":{"loc":{"start":{"line":62,"column":16},"end":{"line":62,"column":50}},"type":"binary-expr","locations":[{"start":{"line":62,"column":16},"end":{"line":62,"column":29}},{"start":{"line":62,"column":33},"end":{"line":62,"column":50}}]},"7":{"loc":{"start":{"line":75,"column":4},"end":{"line":77,"column":5}},"type":"if","locations":[{"start":{"line":75,"column":4},"end":{"line":77,"column":5}},{"start":{},"end":{}}]}},"s":{"0":1,"1":1,"2":1,"3":1,"4":1,"5":1,"6":1,"7":1,"8":5,"9":1,"10":1,"11":1,"12":1,"13":2,"14":2,"15":2,"16":2,"17":1,"18":1,"19":1,"20":1,"21":1,"22":4,"23":4,"24":1,"25":3,"26":3,"27":3,"28":3,"29":3,"30":2,"31":2,"32":1,"33":1,"34":1,"35":1},"f":{"0":5,"1":1,"2":1,"3":2,"4":2,"5":1,"6":4,"7":2},"b":{"0":[1,1],"1":[1,3],"2":[3,1],"3":[2,1],"4":[1,2],"5":[1,2],"6":[3,3],"7":[1,1]}}
,"D:\\MultivendorMarketplace\\backend\\src\\modules\\products\\product.service.ts": {"path":"D:\\MultivendorMarketplace\\backend\\src\\modules\\products\\product.service.ts","statementMap":{"0":{"start":{"line":1,"column":0},"end":{"line":1,"column":75}},"1":{"start":{"line":2,"column":0},"end":{"line":2,"column":63}},"2":{"start":{"line":3,"column":0},"end":{"line":3,"column":63}},"3":{"start":{"line":5,"column":0},"end":{"line":5,"column":51}},"4":{"start":{"line":6,"column":0},"end":{"line":6,"column":51}},"5":{"start":{"line":7,"column":0},"end":{"line":7,"column":49}},"6":{"start":{"line":8,"column":0},"end":{"line":8,"column":55}},"7":{"start":{"line":9,"column":0},"end":{"line":9,"column":52}},"8":{"start":{"line":10,"column":0},"end":{"line":10,"column":48}},"9":{"start":{"line":11,"column":0},"end":{"line":11,"column":69}},"10":{"start":{"line":12,"column":0},"end":{"line":12,"column":57}},"11":{"start":{"line":13,"column":0},"end":{"line":13,"column":57}},"12":{"start":{"line":16,"column":13},"end":{"line":247,"column":2}},"13":{"start":{"line":19,"column":4},"end":{"line":19,"column":74}},"14":{"start":{"line":23,"column":80},"end":{"line":23,"column":90}},"15":{"start":{"line":25,"column":29},"end":{"line":41,"column":6}},"16":{"start":{"line":29,"column":18},"end":{"line":29,"column":60}},"17":{"start":{"line":37,"column":18},"end":{"line":37,"column":57}},"18":{"start":{"line":43,"column":4},"end":{"line":48,"column":5}},"19":{"start":{"line":44,"column":6},"end":{"line":47,"column":8}},"20":{"start":{"line":51,"column":20},"end":{"line":51,"column":82}},"21":{"start":{"line":54,"column":21},"end":{"line":62,"column":null}},"22":{"start":{"line":65,"column":4},"end":{"line":137,"column":6}},"23":{"start":{"line":68,"column":27},"end":{"line":68,"column":61}},"24":{"start":{"line":69,"column":23},"end":{"line":69,"column":49}},"25":{"start":{"line":70,"column":29},"end":{"line":70,"column":51}},"26":{"start":{"line":72,"column":35},"end":{"line":74,"column":null}},"27":{"start":{"line":78,"column":24},"end":{"line":78,"column":47}},"28":{"start":{"line":79,"column":22},"end":{"line":79,"column":64}},"29":{"start":{"line":82,"column":24},"end":{"line":82,"column":28}},"30":{"start":{"line":84,"column":8},"end":{"line":87,"column":9}},"31":{"start":{"line":85,"column":26},"end":{"line":85,"column":41}},"32":{"start":{"line":86,"column":10},"end":{"line":86,"column":28}},"33":{"start":{"line":89,"column":40},"end":{"line":89,"column":44}},"34":{"start":{"line":90,"column":8},"end":{"line":97,"column":9}},"35":{"start":{"line":91,"column":27},"end":{"line":91,"column":50}},"36":{"start":{"line":93,"column":10},"end":{"line":96,"column":13}},"37":{"start":{"line":100,"column":21},"end":{"line":112,"column":11}},"38":{"start":{"line":100,"column":44},"end":{"line":112,"column":10}},"39":{"start":{"line":114,"column":8},"end":{"line":116,"column":9}},"40":{"start":{"line":115,"column":10},"end":{"line":115,"column":61}},"41":{"start":{"line":119,"column":8},"end":{"line":134,"column":10}},"42":{"start":{"line":141,"column":4},"end":{"line":153,"column":6}},"43":{"start":{"line":144,"column":24},"end":{"line":144,"column":71}},"44":{"start":{"line":146,"column":8},"end":{"line":148,"column":9}},"45":{"start":{"line":147,"column":10},"end":{"line":147,"column":79}},"46":{"start":{"line":150,"column":8},"end":{"line":150,"column":23}},"47":{"start":{"line":157,"column":17},"end":{"line":157,"column":62}},"48":{"start":{"line":159,"column":4},"end":{"line":161,"column":5}},"49":{"start":{"line":160,"column":6},"end":{"line":160,"column":72}},"50":{"start":{"line":163,"column":4},"end":{"line":165,"column":5}},"51":{"start":{"line":164,"column":6},"end":{"line":164,"column":73}},"52":{"start":{"line":167,"column":21},"end":{"line":167,"column":71}},"53":{"start":{"line":169,"column":4},"end":{"line":171,"column":5}},"54":{"start":{"line":170,"column":6},"end":{"line":170,"column":76}},"55":{"start":{"line":173,"column":50},"end":{"line":193,"column":6}},"56":{"start":{"line":187,"column":44},"end":{"line":191,"column":10}},"57":{"start":{"line":195,"column":4},"end":{"line":195,"column":39}},"58":{"start":{"line":197,"column":4},"end":{"line":197,"column":55}},"59":{"start":{"line":201,"column":20},"end":{"line":201,"column":63}},"60":{"start":{"line":203,"column":4},"end":{"line":205,"column":5}},"61":{"start":{"line":204,"column":6},"end":{"line":204,"column":75}},"62":{"start":{"line":207,"column":50},"end":{"line":221,"column":6}},"63":{"start":{"line":214,"column":46},"end":{"line":218,"column":12}},"64":{"start":{"line":223,"column":27},"end":{"line":223,"column":80}},"65":{"start":{"line":225,"column":4},"end":{"line":228,"column":7}},"66":{"start":{"line":230,"column":4},"end":{"line":230,"column":26}},"67":{"start":{"line":234,"column":20},"end":{"line":234,"column":63}},"68":{"start":{"line":236,"column":4},"end":{"line":238,"column":5}},"69":{"start":{"line":237,"column":6},"end":{"line":237,"column":75}},"70":{"start":{"line":240,"column":4},"end":{"line":240,"column":39}},"71":{"start":{"line":242,"column":4},"end":{"line":245,"column":7}}},"fnMap":{"0":{"name":"(anonymous_0)","decl":{"start":{"line":17,"column":2},"end":{"line":17,"column":7}},"loc":{"start":{"line":17,"column":29},"end":{"line":20,"column":3}}},"1":{"name":"(anonymous_1)","decl":{"start":{"line":22,"column":2},"end":{"line":22,"column":7}},"loc":{"start":{"line":22,"column":43},"end":{"line":138,"column":3}}},"2":{"name":"(anonymous_2)","decl":{"start":{"line":29,"column":12},"end":{"line":29,"column":15}},"loc":{"start":{"line":29,"column":18},"end":{"line":29,"column":60}}},"3":{"name":"(anonymous_3)","decl":{"start":{"line":37,"column":12},"end":{"line":37,"column":15}},"loc":{"start":{"line":37,"column":18},"end":{"line":37,"column":57}}},"4":{"name":"(anonymous_4)","decl":{"start":{"line":67,"column":6},"end":{"line":67,"column":11}},"loc":{"start":{"line":67,"column":17},"end":{"line":135,"column":7}}},"5":{"name":"(anonymous_5)","decl":{"start":{"line":100,"column":31},"end":{"line":100,"column":32}},"loc":{"start":{"line":100,"column":44},"end":{"line":112,"column":10}}},"6":{"name":"(anonymous_6)","decl":{"start":{"line":140,"column":13},"end":{"line":140,"column":18}},"loc":{"start":{"line":140,"column":36},"end":{"line":154,"column":3}}},"7":{"name":"(anonymous_7)","decl":{"start":{"line":143,"column":6},"end":{"line":143,"column":11}},"loc":{"start":{"line":143,"column":17},"end":{"line":151,"column":7}}},"8":{"name":"(anonymous_8)","decl":{"start":{"line":156,"column":2},"end":{"line":156,"column":7}},"loc":{"start":{"line":156,"column":76},"end":{"line":198,"column":3}}},"9":{"name":"(anonymous_9)","decl":{"start":{"line":187,"column":27},"end":{"line":187,"column":28}},"loc":{"start":{"line":187,"column":44},"end":{"line":191,"column":10}}},"10":{"name":"(anonymous_10)","decl":{"start":{"line":200,"column":2},"end":{"line":200,"column":7}},"loc":{"start":{"line":200,"column":73},"end":{"line":231,"column":3}}},"11":{"name":"(anonymous_11)","decl":{"start":{"line":214,"column":29},"end":{"line":214,"column":30}},"loc":{"start":{"line":214,"column":46},"end":{"line":218,"column":12}}},"12":{"name":"(anonymous_12)","decl":{"start":{"line":233,"column":2},"end":{"line":233,"column":7}},"loc":{"start":{"line":233,"column":25},"end":{"line":246,"column":3}}}},"branchMap":{"0":{"loc":{"start":{"line":26,"column":6},"end":{"line":32,"column":14}},"type":"cond-expr","locations":[{"start":{"line":27,"column":10},"end":{"line":30,"column":null}},{"start":{"line":32,"column":10},"end":{"line":32,"column":14}}]},"1":{"loc":{"start":{"line":34,"column":6},"end":{"line":40,"column":14}},"type":"cond-expr","locations":[{"start":{"line":35,"column":10},"end":{"line":38,"column":null}},{"start":{"line":40,"column":10},"end":{"line":40,"column":14}}]},"2":{"loc":{"start":{"line":43,"column":4},"end":{"line":48,"column":5}},"type":"if","locations":[{"start":{"line":43,"column":4},"end":{"line":48,"column":5}},{"start":{},"end":{}}]},"3":{"loc":{"start":{"line":43,"column":8},"end":{"line":43,"column":58}},"type":"binary-expr","locations":[{"start":{"line":43,"column":9},"end":{"line":43,"column":17}},{"start":{"line":43,"column":21},"end":{"line":43,"column":26}},{"start":{"line":43,"column":32},"end":{"line":43,"column":44}},{"start":{"line":43,"column":48},"end":{"line":43,"column":57}}]},"4":{"loc":{"start":{"line":68,"column":27},"end":{"line":68,"column":61}},"type":"cond-expr","locations":[{"start":{"line":68,"column":38},"end":{"line":68,"column":49}},{"start":{"line":68,"column":52},"end":{"line":68,"column":61}}]},"5":{"loc":{"start":{"line":69,"column":23},"end":{"line":69,"column":49}},"type":"cond-expr","locations":[{"start":{"line":69,"column":30},"end":{"line":69,"column":37}},{"start":{"line":69,"column":40},"end":{"line":69,"column":49}}]},"6":{"loc":{"start":{"line":79,"column":22},"end":{"line":79,"column":64}},"type":"cond-expr","locations":[{"start":{"line":79,"column":32},"end":{"line":79,"column":53}},{"start":{"line":79,"column":56},"end":{"line":79,"column":64}}]},"7":{"loc":{"start":{"line":84,"column":8},"end":{"line":87,"column":9}},"type":"if","locations":[{"start":{"line":84,"column":8},"end":{"line":87,"column":9}},{"start":{},"end":{}}]},"8":{"loc":{"start":{"line":90,"column":8},"end":{"line":97,"column":9}},"type":"if","locations":[{"start":{"line":90,"column":8},"end":{"line":97,"column":9}},{"start":{},"end":{}}]},"9":{"loc":{"start":{"line":90,"column":12},"end":{"line":90,"column":39}},"type":"binary-expr","locations":[{"start":{"line":90,"column":12},"end":{"line":90,"column":19}},{"start":{"line":90,"column":23},"end":{"line":90,"column":39}}]},"10":{"loc":{"start":{"line":106,"column":17},"end":{"line":106,"column":41}},"type":"binary-expr","locations":[{"start":{"line":106,"column":17},"end":{"line":106,"column":33}},{"start":{"line":106,"column":37},"end":{"line":106,"column":41}}]},"11":{"loc":{"start":{"line":114,"column":8},"end":{"line":116,"column":9}},"type":"if","locations":[{"start":{"line":114,"column":8},"end":{"line":116,"column":9}},{"start":{},"end":{}}]},"12":{"loc":{"start":{"line":114,"column":12},"end":{"line":114,"column":43}},"type":"binary-expr","locations":[{"start":{"line":114,"column":12},"end":{"line":114,"column":17}},{"start":{"line":114,"column":21},"end":{"line":114,"column":43}}]},"13":{"loc":{"start":{"line":146,"column":8},"end":{"line":148,"column":9}},"type":"if","locations":[{"start":{"line":146,"column":8},"end":{"line":148,"column":9}},{"start":{},"end":{}}]},"14":{"loc":{"start":{"line":159,"column":4},"end":{"line":161,"column":5}},"type":"if","locations":[{"start":{"line":159,"column":4},"end":{"line":161,"column":5}},{"start":{},"end":{}}]},"15":{"loc":{"start":{"line":163,"column":4},"end":{"line":165,"column":5}},"type":"if","locations":[{"start":{"line":163,"column":4},"end":{"line":165,"column":5}},{"start":{},"end":{}}]},"16":{"loc":{"start":{"line":169,"column":4},"end":{"line":171,"column":5}},"type":"if","locations":[{"start":{"line":169,"column":4},"end":{"line":171,"column":5}},{"start":{},"end":{}}]},"17":{"loc":{"start":{"line":203,"column":4},"end":{"line":205,"column":5}},"type":"if","locations":[{"start":{"line":203,"column":4},"end":{"line":205,"column":5}},{"start":{},"end":{}}]},"18":{"loc":{"start":{"line":209,"column":12},"end":{"line":209,"column":69}},"type":"cond-expr","locations":[{"start":{"line":209,"column":24},"end":{"line":209,"column":54}},{"start":{"line":209,"column":57},"end":{"line":209,"column":69}}]},"19":{"loc":{"start":{"line":210,"column":10},"end":{"line":220,"column":8}},"type":"binary-expr","locations":[{"start":{"line":210,"column":10},"end":{"line":210,"column":16}},{"start":{"line":210,"column":20},"end":{"line":220,"column":8}}]},"20":{"loc":{"start":{"line":236,"column":4},"end":{"line":238,"column":5}},"type":"if","locations":[{"start":{"line":236,"column":4},"end":{"line":238,"column":5}},{"start":{},"end":{}}]}},"s":{"0":1,"1":1,"2":1,"3":1,"4":1,"5":1,"6":1,"7":1,"8":1,"9":1,"10":1,"11":1,"12":1,"13":4,"14":3,"15":3,"16":1,"17":0,"18":3,"19":1,"20":2,"21":2,"22":2,"23":2,"24":2,"25":2,"26":2,"27":2,"28":2,"29":2,"30":2,"31":0,"32":0,"33":2,"34":2,"35":0,"36":0,"37":2,"38":2,"39":2,"40":1,"41":1,"42":2,"43":2,"44":2,"45":1,"46":1,"47":4,"48":4,"49":1,"50":3,"51":1,"52":2,"53":2,"54":1,"55":1,"56":1,"57":1,"58":1,"59":3,"60":3,"61":1,"62":2,"63":1,"64":2,"65":2,"66":2,"67":2,"68":2,"69":1,"70":1,"71":1},"f":{"0":4,"1":3,"2":1,"3":0,"4":2,"5":2,"6":2,"7":2,"8":4,"9":1,"10":3,"11":1,"12":2},"b":{"0":[1,2],"1":[0,3],"2":[1,2],"3":[3,0,3,1],"4":[0,2],"5":[0,2],"6":[0,2],"7":[0,2],"8":[0,2],"9":[2,0],"10":[2,0],"11":[1,1],"12":[2,2],"13":[1,1],"14":[1,3],"15":[1,2],"16":[1,1],"17":[1,2],"18":[2,0],"19":[2,1],"20":[1,1]}}
,"D:\\MultivendorMarketplace\\backend\\src\\modules\\user\\user.service.ts": {"path":"D:\\MultivendorMarketplace\\backend\\src\\modules\\user\\user.service.ts","statementMap":{"0":{"start":{"line":3,"column":0},"end":{"line":3,"column":51}},"1":{"start":{"line":4,"column":0},"end":{"line":4,"column":63}},"2":{"start":{"line":5,"column":0},"end":{"line":5,"column":63}},"3":{"start":{"line":6,"column":0},"end":{"line":6,"column":75}},"4":{"start":{"line":7,"column":0},"end":{"line":7,"column":48}},"5":{"start":{"line":8,"column":0},"end":{"line":8,"column":51}},"6":{"start":{"line":9,"column":0},"end":{"line":9,"column":57}},"7":{"start":{"line":11,"column":13},"end":{"line":80,"column":2}},"8":{"start":{"line":14,"column":4},"end":{"line":14,"column":49}},"9":{"start":{"line":19,"column":4},"end":{"line":23,"column":7}},"10":{"start":{"line":27,"column":21},"end":{"line":27,"column":57}},"11":{"start":{"line":29,"column":4},"end":{"line":35,"column":6}},"12":{"start":{"line":32,"column":8},"end":{"line":32,"column":56}},"13":{"start":{"line":40,"column":4},"end":{"line":42,"column":5}},"14":{"start":{"line":41,"column":6},"end":{"line":41,"column":57}},"15":{"start":{"line":44,"column":20},"end":{"line":44,"column":71}},"16":{"start":{"line":46,"column":4},"end":{"line":46,"column":68}},"17":{"start":{"line":48,"column":4},"end":{"line":48,"column":19}},"18":{"start":{"line":53,"column":20},"end":{"line":53,"column":82}},"19":{"start":{"line":55,"column":4},"end":{"line":57,"column":5}},"20":{"start":{"line":56,"column":6},"end":{"line":56,"column":80}},"21":{"start":{"line":59,"column":4},"end":{"line":61,"column":5}},"22":{"start":{"line":60,"column":6},"end":{"line":60,"column":57}},"23":{"start":{"line":63,"column":4},"end":{"line":63,"column":68}},"24":{"start":{"line":65,"column":4},"end":{"line":65,"column":64}},"25":{"start":{"line":70,"column":20},"end":{"line":70,"column":82}},"26":{"start":{"line":72,"column":4},"end":{"line":74,"column":5}},"27":{"start":{"line":73,"column":6},"end":{"line":73,"column":80}},"28":{"start":{"line":76,"column":4},"end":{"line":76,"column":68}},"29":{"start":{"line":78,"column":4},"end":{"line":78,"column":54}}},"fnMap":{"0":{"name":"(anonymous_0)","decl":{"start":{"line":12,"column":9},"end":{"line":12,"column":14}},"loc":{"start":{"line":12,"column":34},"end":{"line":15,"column":3}}},"1":{"name":"(anonymous_1)","decl":{"start":{"line":17,"column":12},"end":{"line":17,"column":17}},"loc":{"start":{"line":17,"column":76},"end":{"line":24,"column":3}}},"2":{"name":"(anonymous_2)","decl":{"start":{"line":26,"column":16},"end":{"line":26,"column":21}},"loc":{"start":{"line":26,"column":41},"end":{"line":36,"column":3}}},"3":{"name":"(anonymous_3)","decl":{"start":{"line":31,"column":6},"end":{"line":31,"column":11}},"loc":{"start":{"line":31,"column":17},"end":{"line":33,"column":7}}},"4":{"name":"(anonymous_4)","decl":{"start":{"line":38,"column":17},"end":{"line":38,"column":22}},"loc":{"start":{"line":38,"column":68},"end":{"line":49,"column":3}}},"5":{"name":"(anonymous_5)","decl":{"start":{"line":51,"column":17},"end":{"line":51,"column":22}},"loc":{"start":{"line":51,"column":87},"end":{"line":66,"column":3}}},"6":{"name":"(anonymous_6)","decl":{"start":{"line":68,"column":17},"end":{"line":68,"column":22}},"loc":{"start":{"line":68,"column":61},"end":{"line":79,"column":3}}}},"branchMap":{"0":{"loc":{"start":{"line":40,"column":4},"end":{"line":42,"column":5}},"type":"if","locations":[{"start":{"line":40,"column":4},"end":{"line":42,"column":5}},{"start":{},"end":{}}]},"1":{"loc":{"start":{"line":55,"column":4},"end":{"line":57,"column":5}},"type":"if","locations":[{"start":{"line":55,"column":4},"end":{"line":57,"column":5}},{"start":{},"end":{}}]},"2":{"loc":{"start":{"line":59,"column":4},"end":{"line":61,"column":5}},"type":"if","locations":[{"start":{"line":59,"column":4},"end":{"line":61,"column":5}},{"start":{},"end":{}}]},"3":{"loc":{"start":{"line":72,"column":4},"end":{"line":74,"column":5}},"type":"if","locations":[{"start":{"line":72,"column":4},"end":{"line":74,"column":5}},{"start":{},"end":{}}]}},"s":{"0":1,"1":1,"2":1,"3":1,"4":1,"5":1,"6":1,"7":1,"8":1,"9":1,"10":1,"11":1,"12":1,"13":2,"14":1,"15":2,"16":2,"17":2,"18":3,"19":3,"20":1,"21":2,"22":1,"23":2,"24":2,"25":2,"26":2,"27":1,"28":1,"29":1},"f":{"0":1,"1":1,"2":1,"3":1,"4":2,"5":3,"6":2},"b":{"0":[1,1],"1":[1,2],"2":[1,1],"3":[1,1]}}
}
