TN:
SF:src\modules\auth\auth.service.ts
FN:18,(anonymous_1)
FN:34,(anonymous_2)
FN:58,(anonymous_3)
FN:70,(anonymous_4)
FN:97,(anonymous_5)
FN:102,(anonymous_6)
FN:139,(anonymous_7)
FN:157,(anonymous_8)
FNF:8
FNH:8
FNDA:2,(anonymous_1)
FNDA:2,(anonymous_2)
FNDA:2,(anonymous_3)
FNDA:4,(anonymous_4)
FNDA:1,(anonymous_5)
FNDA:4,(anonymous_6)
FNDA:2,(anonymous_7)
FNDA:2,(anonymous_8)
DA:1,1
DA:3,1
DA:4,1
DA:5,1
DA:7,1
DA:8,1
DA:9,1
DA:10,1
DA:11,1
DA:12,1
DA:13,1
DA:16,1
DA:19,2
DA:20,2
DA:21,2
DA:24,2
DA:31,2
DA:35,2
DA:36,2
DA:37,1
DA:40,1
DA:41,1
DA:48,1
DA:49,1
DA:51,1
DA:59,2
DA:60,2
DA:61,1
DA:64,1
DA:67,1
DA:71,4
DA:73,4
DA:74,2
DA:78,2
DA:79,1
DA:82,1
DA:84,1
DA:98,1
DA:99,1
DA:103,4
DA:104,4
DA:107,4
DA:109,4
DA:112,1
DA:113,1
DA:117,3
DA:120,3
DA:121,1
DA:125,2
DA:127,1
DA:128,1
DA:132,1
DA:133,1
DA:136,1
DA:140,2
DA:142,2
DA:143,1
DA:146,1
DA:147,1
DA:150,1
DA:158,2
DA:160,2
DA:161,1
DA:164,1
DA:166,1
DA:168,1
DA:170,1
LF:67
LH:67
BRDA:36,0,0,1
BRDA:36,0,1,1
BRDA:60,1,0,1
BRDA:60,1,1,1
BRDA:73,2,0,2
BRDA:73,2,1,2
BRDA:73,3,0,4
BRDA:73,3,1,3
BRDA:78,4,0,1
BRDA:78,4,1,1
BRDA:109,5,0,1
BRDA:109,5,1,3
BRDA:120,6,0,1
BRDA:120,6,1,2
BRDA:125,7,0,1
BRDA:125,7,1,1
BRDA:142,8,0,1
BRDA:142,8,1,1
BRDA:160,9,0,1
BRDA:160,9,1,1
BRF:20
BRH:20
end_of_record
TN:
SF:src\modules\category\category.service.ts
FN:12,(anonymous_0)
FN:16,(anonymous_1)
FN:21,(anonymous_2)
FN:24,(anonymous_3)
FN:29,(anonymous_4)
FN:42,(anonymous_5)
FN:50,(anonymous_6)
FN:72,(anonymous_7)
FNF:8
FNH:8
FNDA:5,(anonymous_0)
FNDA:1,(anonymous_1)
FNDA:1,(anonymous_2)
FNDA:2,(anonymous_3)
FNDA:2,(anonymous_4)
FNDA:1,(anonymous_5)
FNDA:4,(anonymous_6)
FNDA:2,(anonymous_7)
DA:1,1
DA:2,1
DA:5,1
DA:6,1
DA:7,1
DA:8,1
DA:9,1
DA:11,1
DA:13,5
DA:17,1
DA:19,1
DA:21,1
DA:25,2
DA:27,2
DA:30,2
DA:32,2
DA:33,1
DA:36,1
DA:43,1
DA:45,1
DA:47,1
DA:51,4
DA:53,4
DA:54,1
DA:57,3
DA:65,3
DA:66,3
DA:67,3
DA:69,3
DA:73,2
DA:75,2
DA:76,1
DA:79,1
DA:80,1
DA:82,1
LF:35
LH:35
BRDA:32,0,0,1
BRDA:32,0,1,1
BRDA:53,1,0,1
BRDA:53,1,1,3
BRDA:58,2,0,3
BRDA:58,2,1,1
BRDA:59,3,0,2
BRDA:59,3,1,1
BRDA:60,4,0,1
BRDA:60,4,1,2
BRDA:61,5,0,1
BRDA:61,5,1,2
BRDA:62,6,0,3
BRDA:62,6,1,3
BRDA:75,7,0,1
BRDA:75,7,1,1
BRF:16
BRH:16
end_of_record
TN:
SF:src\modules\products\product.service.ts
FN:17,(anonymous_0)
FN:22,(anonymous_1)
FN:29,(anonymous_2)
FN:37,(anonymous_3)
FN:67,(anonymous_4)
FN:100,(anonymous_5)
FN:140,(anonymous_6)
FN:143,(anonymous_7)
FN:156,(anonymous_8)
FN:187,(anonymous_9)
FN:200,(anonymous_10)
FN:214,(anonymous_11)
FN:233,(anonymous_12)
FNF:13
FNH:12
FNDA:4,(anonymous_0)
FNDA:3,(anonymous_1)
FNDA:1,(anonymous_2)
FNDA:0,(anonymous_3)
FNDA:2,(anonymous_4)
FNDA:2,(anonymous_5)
FNDA:2,(anonymous_6)
FNDA:2,(anonymous_7)
FNDA:4,(anonymous_8)
FNDA:1,(anonymous_9)
FNDA:3,(anonymous_10)
FNDA:1,(anonymous_11)
FNDA:2,(anonymous_12)
DA:1,1
DA:2,1
DA:3,1
DA:5,1
DA:6,1
DA:7,1
DA:8,1
DA:9,1
DA:10,1
DA:11,1
DA:12,1
DA:13,1
DA:16,1
DA:19,4
DA:23,3
DA:25,3
DA:29,1
DA:37,0
DA:43,3
DA:44,1
DA:51,2
DA:54,2
DA:65,2
DA:68,2
DA:69,2
DA:70,2
DA:72,2
DA:78,2
DA:79,2
DA:82,2
DA:84,2
DA:85,0
DA:86,0
DA:89,2
DA:90,2
DA:91,0
DA:93,0
DA:100,2
DA:114,2
DA:115,1
DA:119,1
DA:141,2
DA:144,2
DA:146,2
DA:147,1
DA:150,1
DA:157,4
DA:159,4
DA:160,1
DA:163,3
DA:164,1
DA:167,2
DA:169,2
DA:170,1
DA:173,1
DA:187,1
DA:195,1
DA:197,1
DA:201,3
DA:203,3
DA:204,1
DA:207,2
DA:214,1
DA:223,2
DA:225,2
DA:230,2
DA:234,2
DA:236,2
DA:237,1
DA:240,1
DA:242,1
LF:71
LH:66
BRDA:26,0,0,1
BRDA:26,0,1,2
BRDA:34,1,0,0
BRDA:34,1,1,3
BRDA:43,2,0,1
BRDA:43,2,1,2
BRDA:43,3,0,3
BRDA:43,3,1,0
BRDA:43,3,2,3
BRDA:43,3,3,1
BRDA:68,4,0,0
BRDA:68,4,1,2
BRDA:69,5,0,0
BRDA:69,5,1,2
BRDA:79,6,0,0
BRDA:79,6,1,2
BRDA:84,7,0,0
BRDA:84,7,1,2
BRDA:90,8,0,0
BRDA:90,8,1,2
BRDA:90,9,0,2
BRDA:90,9,1,0
BRDA:106,10,0,2
BRDA:106,10,1,0
BRDA:114,11,0,1
BRDA:114,11,1,1
BRDA:114,12,0,2
BRDA:114,12,1,2
BRDA:146,13,0,1
BRDA:146,13,1,1
BRDA:159,14,0,1
BRDA:159,14,1,3
BRDA:163,15,0,1
BRDA:163,15,1,2
BRDA:169,16,0,1
BRDA:169,16,1,1
BRDA:203,17,0,1
BRDA:203,17,1,2
BRDA:209,18,0,2
BRDA:209,18,1,0
BRDA:210,19,0,2
BRDA:210,19,1,1
BRDA:236,20,0,1
BRDA:236,20,1,1
BRF:44
BRH:34
end_of_record
TN:
SF:src\modules\user\user.service.ts
FN:12,(anonymous_0)
FN:17,(anonymous_1)
FN:26,(anonymous_2)
FN:31,(anonymous_3)
FN:38,(anonymous_4)
FN:51,(anonymous_5)
FN:68,(anonymous_6)
FNF:7
FNH:7
FNDA:1,(anonymous_0)
FNDA:1,(anonymous_1)
FNDA:1,(anonymous_2)
FNDA:1,(anonymous_3)
FNDA:2,(anonymous_4)
FNDA:3,(anonymous_5)
FNDA:2,(anonymous_6)
DA:3,1
DA:4,1
DA:5,1
DA:6,1
DA:7,1
DA:8,1
DA:9,1
DA:11,1
DA:14,1
DA:19,1
DA:27,1
DA:29,1
DA:32,1
DA:40,2
DA:41,1
DA:44,2
DA:46,2
DA:48,2
DA:53,3
DA:55,3
DA:56,1
DA:59,2
DA:60,1
DA:63,2
DA:65,2
DA:70,2
DA:72,2
DA:73,1
DA:76,1
DA:78,1
LF:30
LH:30
BRDA:40,0,0,1
BRDA:40,0,1,1
BRDA:55,1,0,1
BRDA:55,1,1,2
BRDA:59,2,0,1
BRDA:59,2,1,1
BRDA:72,3,0,1
BRDA:72,3,1,1
BRF:8
BRH:8
end_of_record
